<?xml version="1.0" encoding="UTF-8"?>
<!-- Generated by org.testng.reporters.JUnitReportReporter -->
<testsuite hostname="hp" failures="0" tests="1" name="CoverFox_Testclass.CF_TC05_Validate_errormessage" time="17.536" errors="0" timestamp="2024-01-17T12:27:01 IST" skipped="0">
  <testcase classname="CoverFox_Testclass.CF_TC05_Validate_errormessage" name="validate_PincodeErrorMessage" time="17.536">
    <system-out>
      <![CDATA[Verify Pincode ERROR Message
TC is Passed]]>
    </system-out>
  </testcase> <!-- validate_PincodeErrorMessage -->
  <system-out>
    <![CDATA[Opening browser
clicking on Female Button
clicking on Next Button
Handeling Age Drop down
Reading data from Excel Sheet
clicking on Next Button after age
entering Pincode
Reading data from Excel Sheet
entering Mobile No.
Reading data from Excel Sheet
clicking on Continue Button
Fetching no. of result from text
Fetching no. of result from banner
TC is Passed
Closing Browser
Opening browser
clicking on Female Button
clicking on Next Button
Handeling Age Drop down
Reading data from Excel Sheet
clicking on Next Button after age
entering Mobile No.
Reading data from Excel Sheet
clicking on Continue Button
Verify Pincode ERROR Message
TC is Passed
Closing Browser]]>
  </system-out>
</testsuite> <!-- CoverFox_Testclass.CF_TC05_Validate_errormessage -->
