<?xml version="1.0" encoding="UTF-8"?>
<!-- Generated by org.testng.reporters.JUnitReportReporter -->
<testsuite hostname="hp" failures="0" tests="1" name="CoverFox_Testclass.CF_TC04_Validate_search_results_for_healthcare_policies" time="36.451" errors="0" timestamp="2024-01-17T12:41:52 IST" skipped="0">
  <testcase classname="CoverFox_Testclass.CF_TC04_Validate_search_results_for_healthcare_policies" name="validateTestPlansFromTextandBanner" time="36.451">
    <system-out>
      <![CDATA[Fetching no. of result from text
Fetching no. of result from banner
TC is Passed]]>
    </system-out>
  </testcase> <!-- validateTestPlansFromTextandBanner -->
  <system-out>
    <![CDATA[Opening browser
clicking on Female Button
clicking on Next Button
Handeling Age Drop down
clicking on Next Button after age
entering Pincode
entering Mobile No.
clicking on Continue Button
Fetching no. of result from text
Fetching no. of result from banner
TC is Passed
Closing Browser]]>
  </system-out>
</testsuite> <!-- CoverFox_Testclass.CF_TC04_Validate_search_results_for_healthcare_policies -->
